<?xml version="1.0" encoding="UTF-8" ?>
<testsuites name="vitest tests" tests="50" failures="0" errors="0" time="16.249">
    <testsuite name="src/hooks/__tests__/useCombinedQuotes.test.tsx" timestamp="2024-08-23T13:06:34.486Z" hostname="DESKTOP-MSMMV6A" tests="1" failures="0" errors="0" skipped="0" time="0.116">
        <testcase classname="src/hooks/__tests__/useCombinedQuotes.test.tsx" name="useCombinedQuotes tests &gt; useCombinedQuotes - should fetch combined quotes" time="0.114">
        </testcase>
    </testsuite>
    <testsuite name="src/hooks/__tests__/useCypherBQuotes.test.tsx" timestamp="2024-08-23T13:06:34.490Z" hostname="DESKTOP-MSMMV6A" tests="1" failures="0" errors="0" skipped="0" time="0.116">
        <testcase classname="src/hooks/__tests__/useCypherBQuotes.test.tsx" name="useCypherBQuotes tests &gt; useCypherBQuotes - should fetch cypherb quotes" time="0.114">
        </testcase>
    </testsuite>
    <testsuite name="src/hooks/__tests__/useTimeFrameHook.test.tsx" timestamp="2024-08-23T13:06:34.491Z" hostname="DESKTOP-MSMMV6A" tests="1" failures="0" errors="0" skipped="0" time="0.046">
        <testcase classname="src/hooks/__tests__/useTimeFrameHook.test.tsx" name="useTimeFrameHook tests &gt; useTimeFrameHook - should fetch cypherb quotes" time="0.044">
        </testcase>
    </testsuite>
    <testsuite name="src/mappers/__tests__/CypherBChartDataMapper.test.ts" timestamp="2024-08-23T13:06:34.491Z" hostname="DESKTOP-MSMMV6A" tests="4" failures="0" errors="0" skipped="0" time="0.007">
        <testcase classname="src/mappers/__tests__/CypherBChartDataMapper.test.ts" name="mapToCypherBChartData &gt; should map quotes to wave trend chart data for Buy trade action" time="0.004">
        </testcase>
        <testcase classname="src/mappers/__tests__/CypherBChartDataMapper.test.ts" name="mapToCypherBChartData &gt; should map quotes to wave trend chart data for Sell trade action" time="0">
        </testcase>
        <testcase classname="src/mappers/__tests__/CypherBChartDataMapper.test.ts" name="mapToCypherBChartData &gt; should handle empty quotes array" time="0.001">
        </testcase>
        <testcase classname="src/mappers/__tests__/CypherBChartDataMapper.test.ts" name="mapToCypherBChartData &gt; should ignore invalid dates" time="0">
        </testcase>
    </testsuite>
    <testsuite name="src/mappers/__tests__/OhlcChartDataMapper.test.ts" timestamp="2024-08-23T13:06:34.492Z" hostname="DESKTOP-MSMMV6A" tests="1" failures="0" errors="0" skipped="0" time="0.005">
        <testcase classname="src/mappers/__tests__/OhlcChartDataMapper.test.ts" name="OhlcChartDataMapper &gt; should map to rsi chart data" time="0.004">
        </testcase>
    </testsuite>
    <testsuite name="src/mappers/__tests__/RsiChartMapper.test.ts" timestamp="2024-08-23T13:06:34.493Z" hostname="DESKTOP-MSMMV6A" tests="2" failures="0" errors="0" skipped="0" time="0.007">
        <testcase classname="src/mappers/__tests__/RsiChartMapper.test.ts" name="mapToApexRsiChartData &gt; should return empty array" time="0.004">
        </testcase>
        <testcase classname="src/mappers/__tests__/RsiChartMapper.test.ts" name="mapToApexRsiChartData &gt; should map to rsi chart data" time="0.002">
        </testcase>
    </testsuite>
    <testsuite name="src/services/__tests__/QuotesDataService.test.ts" timestamp="2024-08-23T13:06:34.493Z" hostname="DESKTOP-MSMMV6A" tests="2" failures="0" errors="0" skipped="0" time="0.007">
        <testcase classname="src/services/__tests__/QuotesDataService.test.ts" name="QuotesDataService &gt; getCombinedQuotes" time="0.004">
        </testcase>
        <testcase classname="src/services/__tests__/QuotesDataService.test.ts" name="QuotesDataService &gt; getCypherB" time="0.002">
        </testcase>
    </testsuite>
    <testsuite name="src/stores/__tests__/quotesStore.test.tsx" timestamp="2024-08-23T13:06:34.494Z" hostname="DESKTOP-MSMMV6A" tests="3" failures="0" errors="0" skipped="0" time="0.185">
        <testcase classname="src/stores/__tests__/quotesStore.test.tsx" name="useQuotesStore &gt; default state - intial values are set correctly" time="0.023">
        </testcase>
        <testcase classname="src/stores/__tests__/quotesStore.test.tsx" name="useQuotesStore &gt; fetchCombinedQuotes - request - combinedQuotes fetched" time="0.083">
        </testcase>
        <testcase classname="src/stores/__tests__/quotesStore.test.tsx" name="useQuotesStore &gt; fetchCypherBQuotes - request - cypherBQuotes fetched" time="0.076">
        </testcase>
    </testsuite>
    <testsuite name="src/views/__tests__/AdvancedChartsView.test.tsx" timestamp="2024-08-23T13:06:34.495Z" hostname="DESKTOP-MSMMV6A" tests="1" failures="0" errors="0" skipped="0" time="0.387">
        <testcase classname="src/views/__tests__/AdvancedChartsView.test.tsx" name="AdvancedChartsView tests &gt; Charts are rendered" time="0.386">
        </testcase>
    </testsuite>
    <testsuite name="src/views/__tests__/SimpleChartsView.test.tsx" timestamp="2024-08-23T13:06:34.496Z" hostname="DESKTOP-MSMMV6A" tests="1" failures="0" errors="0" skipped="0" time="0.11">
        <testcase classname="src/views/__tests__/SimpleChartsView.test.tsx" name="SimpleChartsView tests &gt; Charts are rendered" time="0.108">
        </testcase>
    </testsuite>
    <testsuite name="src/components/containers/__tests__/CypherBChartContiner.test.tsx" timestamp="2024-08-23T13:06:34.496Z" hostname="DESKTOP-MSMMV6A" tests="1" failures="0" errors="0" skipped="0" time="0.404">
        <testcase classname="src/components/containers/__tests__/CypherBChartContiner.test.tsx" name="CypherBChartContiner tests &gt; Charts are rendered" time="0.402">
        </testcase>
    </testsuite>
    <testsuite name="src/components/containers/__tests__/RsiChartContiner.test.tsx" timestamp="2024-08-23T13:06:34.497Z" hostname="DESKTOP-MSMMV6A" tests="1" failures="0" errors="0" skipped="0" time="0.034">
        <testcase classname="src/components/containers/__tests__/RsiChartContiner.test.tsx" name="RsiChartContiner tests &gt; RsiChart is rendered" time="0.032">
        </testcase>
    </testsuite>
    <testsuite name="src/components/containers/__tests__/SimpleChartsContainer.test.tsx" timestamp="2024-08-23T13:06:34.497Z" hostname="DESKTOP-MSMMV6A" tests="1" failures="0" errors="0" skipped="0" time="0.124">
        <testcase classname="src/components/containers/__tests__/SimpleChartsContainer.test.tsx" name="SimpleChartsContainer tests &gt; Charts are rendered" time="0.123">
        </testcase>
    </testsuite>
    <testsuite name="src/components/forms/__tests__/ChartSettingsPanelForm.test.tsx" timestamp="2024-08-23T13:06:34.498Z" hostname="DESKTOP-MSMMV6A" tests="1" failures="0" errors="0" skipped="0" time="0.625">
        <testcase classname="src/components/forms/__tests__/ChartSettingsPanelForm.test.tsx" name="ChartSettingsPanelForm tests &gt; click submit button - fetch is called with form values" time="0.623">
        </testcase>
    </testsuite>
    <testsuite name="src/components/forms/__tests__/SrsiChartForm.test.tsx" timestamp="2024-08-23T13:06:34.498Z" hostname="DESKTOP-MSMMV6A" tests="1" failures="0" errors="0" skipped="0" time="0.744">
        <testcase classname="src/components/forms/__tests__/SrsiChartForm.test.tsx" name="SrsiChartForm tests &gt; click submit button - fetch is called with form values" time="0.743">
        </testcase>
    </testsuite>
    <testsuite name="src/components/navigation/__tests__/Breadcrumbs.test.tsx" timestamp="2024-08-23T13:06:34.499Z" hostname="DESKTOP-MSMMV6A" tests="1" failures="0" errors="0" skipped="0" time="0.046">
        <testcase classname="src/components/navigation/__tests__/Breadcrumbs.test.tsx" name="Breadcrumbs tests &gt; renders breadcrumbs based on route matches" time="0.045">
        </testcase>
    </testsuite>
    <testsuite name="src/components/navigation/__tests__/Layout.test.tsx" timestamp="2024-08-23T13:06:34.499Z" hostname="DESKTOP-MSMMV6A" tests="1" failures="0" errors="0" skipped="0" time="0.152">
        <testcase classname="src/components/navigation/__tests__/Layout.test.tsx" name="Layout component tests &gt; renders Layout component" time="0.15">
        </testcase>
    </testsuite>
    <testsuite name="src/components/navigation/__tests__/TopBar.test.tsx" timestamp="2024-08-23T13:06:34.500Z" hostname="DESKTOP-MSMMV6A" tests="2" failures="0" errors="0" skipped="0" time="0.403">
        <testcase classname="src/components/navigation/__tests__/TopBar.test.tsx" name="TopBar component tests &gt; renders TopBar component" time="0.291">
        </testcase>
        <testcase classname="src/components/navigation/__tests__/TopBar.test.tsx" name="TopBar component tests &gt; opens menu and shows menu items on icon click" time="0.11">
        </testcase>
    </testsuite>
    <testsuite name="src/components/presentational/__tests__/Button.test.tsx" timestamp="2024-08-23T13:06:34.501Z" hostname="DESKTOP-MSMMV6A" tests="6" failures="0" errors="0" skipped="0" time="0.175">
        <testcase classname="src/components/presentational/__tests__/Button.test.tsx" name="CommonButton component tests &gt; renders a button with given text" time="0.122">
        </testcase>
        <testcase classname="src/components/presentational/__tests__/Button.test.tsx" name="CommonButton component tests &gt; renders a disabled button when disabled prop is true" time="0.007">
        </testcase>
        <testcase classname="src/components/presentational/__tests__/Button.test.tsx" name="CommonButton component tests &gt; calls onClick handler when button is clicked" time="0.013">
        </testcase>
        <testcase classname="src/components/presentational/__tests__/Button.test.tsx" name="CommonButton component tests &gt; renders a secondary button when secondary prop is true" time="0.016">
        </testcase>
        <testcase classname="src/components/presentational/__tests__/Button.test.tsx" name="CommonButton component tests &gt; renders a button with startIcon when startIcon prop is provided" time="0.009">
        </testcase>
        <testcase classname="src/components/presentational/__tests__/Button.test.tsx" name="CommonButton component tests &gt; renders a button with specified type" time="0.006">
        </testcase>
    </testsuite>
    <testsuite name="src/components/presentational/__tests__/ButtonBar.test.tsx" timestamp="2024-08-23T13:06:34.502Z" hostname="DESKTOP-MSMMV6A" tests="3" failures="0" errors="0" skipped="0" time="0.063">
        <testcase classname="src/components/presentational/__tests__/ButtonBar.test.tsx" name="ButtonBar component tests &gt; renders a button group with children" time="0.05">
        </testcase>
        <testcase classname="src/components/presentational/__tests__/ButtonBar.test.tsx" name="ButtonBar component tests &gt; renders a button group with multiple children" time="0.006">
        </testcase>
        <testcase classname="src/components/presentational/__tests__/ButtonBar.test.tsx" name="ButtonBar component tests &gt; renders a button group with outlined variant" time="0.006">
        </testcase>
    </testsuite>
    <testsuite name="src/components/presentational/__tests__/CypherBChart.test.tsx" timestamp="2024-08-23T13:06:34.503Z" hostname="DESKTOP-MSMMV6A" tests="1" failures="0" errors="0" skipped="0" time="0.033">
        <testcase classname="src/components/presentational/__tests__/CypherBChart.test.tsx" name="CypherBChart &gt; should render the CypherBChart component" time="0.031">
        </testcase>
    </testsuite>
    <testsuite name="src/components/presentational/__tests__/Dropdown.test.tsx" timestamp="2024-08-23T13:06:34.503Z" hostname="DESKTOP-MSMMV6A" tests="1" failures="0" errors="0" skipped="0" time="0.169">
        <testcase classname="src/components/presentational/__tests__/Dropdown.test.tsx" name="Dropdown component tests &gt; Should render disabled input" time="0.167">
        </testcase>
    </testsuite>
    <testsuite name="src/components/presentational/__tests__/FormDateTimePicker.test.tsx" timestamp="2024-08-23T13:06:34.503Z" hostname="DESKTOP-MSMMV6A" tests="1" failures="0" errors="0" skipped="0" time="0.207">
        <testcase classname="src/components/presentational/__tests__/FormDateTimePicker.test.tsx" name="FormDateTimePicker component tests &gt; should render the DateTimePicker with the correct label" time="0.205">
        </testcase>
    </testsuite>
    <testsuite name="src/components/presentational/__tests__/FormDropdown.test.tsx" timestamp="2024-08-23T13:06:34.504Z" hostname="DESKTOP-MSMMV6A" tests="1" failures="0" errors="0" skipped="0" time="0.315">
        <testcase classname="src/components/presentational/__tests__/FormDropdown.test.tsx" name="FormDropdown tests &gt; renders correctly with given options" time="0.314">
            <system-err>
MUI: You have provided an out-of-range value `undefined` for the select component.
Consider providing a value that matches one of the available options or &apos;&apos;.
The available values are `Daily`, `Hourly`, `FiveMins`.
MUI: You have provided an out-of-range value `undefined` for the select component.
Consider providing a value that matches one of the available options or &apos;&apos;.
The available values are `Daily`, `Hourly`, `FiveMins`.
MUI: You have provided an out-of-range value `undefined` for the select component.
Consider providing a value that matches one of the available options or &apos;&apos;.
The available values are `Daily`, `Hourly`, `FiveMins`.

            </system-err>
        </testcase>
    </testsuite>
    <testsuite name="src/components/presentational/__tests__/FormInput.test.tsx" timestamp="2024-08-23T13:06:34.504Z" hostname="DESKTOP-MSMMV6A" tests="2" failures="0" errors="0" skipped="0" time="0.187">
        <testcase classname="src/components/presentational/__tests__/FormInput.test.tsx" name="renders FormInput component with text type" time="0.153">
        </testcase>
        <testcase classname="src/components/presentational/__tests__/FormInput.test.tsx" name="renders FormInput component with number type" time="0.033">
        </testcase>
    </testsuite>
    <testsuite name="src/components/presentational/__tests__/FormToggle.test.tsx" timestamp="2024-08-23T13:06:34.505Z" hostname="DESKTOP-MSMMV6A" tests="3" failures="0" errors="0" skipped="0" time="0.24">
        <testcase classname="src/components/presentational/__tests__/FormToggle.test.tsx" name="FormToggle &gt; renders correctly with the initial value" time="0.18">
        </testcase>
        <testcase classname="src/components/presentational/__tests__/FormToggle.test.tsx" name="FormToggle &gt; toggles the value on click" time="0.042">
        </testcase>
        <testcase classname="src/components/presentational/__tests__/FormToggle.test.tsx" name="FormToggle &gt; respects the initial value from defaultValues" time="0.017">
        </testcase>
    </testsuite>
    <testsuite name="src/components/presentational/__tests__/OhlcChart.test.tsx" timestamp="2024-08-23T13:06:34.506Z" hostname="DESKTOP-MSMMV6A" tests="1" failures="0" errors="0" skipped="0" time="0.029">
        <testcase classname="src/components/presentational/__tests__/OhlcChart.test.tsx" name="OhlcChart &gt; should render the OhlcChart component" time="0.028">
        </testcase>
    </testsuite>
    <testsuite name="src/components/presentational/__tests__/SrsiChart.test.tsx" timestamp="2024-08-23T13:06:34.506Z" hostname="DESKTOP-MSMMV6A" tests="1" failures="0" errors="0" skipped="0" time="0.034">
        <testcase classname="src/components/presentational/__tests__/SrsiChart.test.tsx" name="SrsiChart &gt; should render the SrsiChart component" time="0.031">
        </testcase>
    </testsuite>
    <testsuite name="src/components/root/__tests__/ErrorFallback.test.tsx" timestamp="2024-08-23T13:06:34.506Z" hostname="DESKTOP-MSMMV6A" tests="1" failures="0" errors="0" skipped="0" time="0.032">
        <testcase classname="src/components/root/__tests__/ErrorFallback.test.tsx" name="Root component tests &gt; Error Boundary - catches error thrown by child component" time="0.03">
        </testcase>
    </testsuite>
    <testsuite name="src/components/root/__tests__/root.component.test.tsx" timestamp="2024-08-23T13:06:34.507Z" hostname="DESKTOP-MSMMV6A" tests="1" failures="0" errors="0" skipped="0" time="0.027">
        <testcase classname="src/components/root/__tests__/root.component.test.tsx" name="Root component tests &gt; Root - renders" time="0.026">
        </testcase>
    </testsuite>
    <testsuite name="src/components/root/__tests__/routerConfig.test.tsx" timestamp="2024-08-23T13:06:34.507Z" hostname="DESKTOP-MSMMV6A" tests="2" failures="0" errors="0" skipped="0" time="0.283">
        <testcase classname="src/components/root/__tests__/routerConfig.test.tsx" name="router config tests &gt; render router - SimpleCharts path - returns simpleChartsContainer" time="0.236">
        </testcase>
        <testcase classname="src/components/root/__tests__/routerConfig.test.tsx" name="router config tests &gt; render router - AdvancedCharts path - returns AdvancedChartsView" time="0.045">
        </testcase>
    </testsuite>
</testsuites>
